[2024-06-20T08:25:08.597237+00:00] logger.INFO: Get controllers: {"special":[],"general":["App\\Route\\Controllers\\UserController","App\\Route\\Controllers\\HomeController"]} [] []
[2024-06-20T08:26:36.474111+00:00] logger.INFO: Get controllers: {"special":[],"general":["App\\Route\\Controllers\\UserController","App\\Route\\Controllers\\HomeController"]} [] []
[2024-06-20T08:26:37.929184+00:00] logger.INFO: Get controllers: {"special":[],"general":["App\\Route\\Controllers\\UserController","App\\Route\\Controllers\\HomeController"]} [] []
[2024-06-20T08:29:07.902836+00:00] logger.INFO: Get controllers: {"special":[],"general":["App\\Route\\Controllers\\UserController","App\\Route\\Controllers\\HomeController"]} [] []
[2024-06-20T08:30:29.524212+00:00] logger.INFO: Get controllers: {"special":[],"general":["App\\Route\\Controllers\\UserController","App\\Route\\Controllers\\HomeController"]} [] []
[2024-06-20T08:30:29.531046+00:00] logger.INFO: get / path at HomeController [] []
[2024-06-20T08:30:30.961908+00:00] logger.INFO: Get controllers: {"special":[],"general":["App\\Route\\Controllers\\UserController","App\\Route\\Controllers\\HomeController"]} [] []
[2024-06-20T08:30:38.037667+00:00] logger.INFO: Get controllers: {"special":[],"general":["App\\Route\\Controllers\\UserController","App\\Route\\Controllers\\HomeController"]} [] []
[2024-06-20T09:15:07.759701+00:00] logger.INFO: Get controllers: {"special":[],"general":["App\\Route\\Controllers\\UserController","App\\Route\\Controllers\\HomeController"]} [] []
[2024-06-20T09:15:07.763083+00:00] logger.INFO: get / path at HomeController [] []
[2024-06-20T09:15:10.253820+00:00] logger.INFO: Get controllers: {"special":[],"general":["App\\Route\\Controllers\\UserController","App\\Route\\Controllers\\HomeController"]} [] []
[2024-06-20T09:15:10.256784+00:00] logger.INFO: get users in UserController at index [] []
[2024-06-20T09:15:11.857816+00:00] logger.INFO: Get controllers: {"special":[],"general":["App\\Route\\Controllers\\UserController","App\\Route\\Controllers\\HomeController"]} [] []
[2024-06-20T09:15:11.867132+00:00] logger.INFO: get users in user  at index [] []
[2024-06-20T09:15:11.867373+00:00] logger.INFO: Get user with id 8 [] []
[2024-06-20T09:15:13.162919+00:00] logger.INFO: Get controllers: {"special":[],"general":["App\\Route\\Controllers\\UserController","App\\Route\\Controllers\\HomeController"]} [] []
[2024-06-20T09:15:13.167495+00:00] logger.INFO: get users in UserController at index [] []
[2024-06-20T09:26:33.452810+00:00] logger.INFO: Get controllers: {"special":[],"general":["App\\Route\\Controllers\\UserController","App\\Route\\Controllers\\HomeController"]} [] []
[2024-06-20T09:26:33.456470+00:00] logger.INFO: get users in UserController at index [] []
[2024-06-20T09:29:37.734803+00:00] logger.INFO: Get controllers: {"special":[],"general":["App\\Route\\Controllers\\UserController","App\\Route\\Controllers\\HomeController"]} [] []
[2024-06-20T09:29:37.739751+00:00] logger.INFO: get users in UserController at index [] []
[2024-06-20T09:29:41.635361+00:00] logger.INFO: Get controllers: {"special":[],"general":["App\\Route\\Controllers\\UserController","App\\Route\\Controllers\\HomeController"]} [] []
[2024-06-20T09:29:41.638307+00:00] logger.INFO: Error processing {"exception":"[object] (App\\Route\\Exceptions\\StatusErrorException(code: 404): Url /usersw not found... at /var/www/html/public/app/Route/RouteMapper.php:214)"} []
[2024-06-20T09:31:50.077676+00:00] logger.INFO: Get controllers: {"special":[],"general":["App\\Route\\Controllers\\UserController","App\\Route\\Controllers\\HomeController"]} [] []
[2024-06-20T09:31:50.080936+00:00] logger.INFO: Error processing {"exception":"[object] (App\\Route\\Exceptions\\StatusErrorException(code: 404): Url /usersw not found... at /var/www/html/public/app/Route/RouteMapper.php:217)"} []
[2024-06-20T09:33:47.939421+00:00] logger.INFO: Get controllers: {"special":[],"general":["App\\Route\\Controllers\\UserController","App\\Route\\Controllers\\HomeController"]} [] []
[2024-06-20T09:33:47.941130+00:00] logger.WARNING: Error processing {"exception":"[object] (App\\Route\\Exceptions\\StatusErrorException(code: 404): Url /usersw not found... at /var/www/html/public/app/Route/RouteMapper.php:217)"} []
