[2024-06-20T08:25:08.597237+00:00] logger.INFO: Get controllers: {"special":[],"general":["App\\Route\\Controllers\\UserController","App\\Route\\Controllers\\HomeController"]} [] []
[2024-06-20T08:26:36.474111+00:00] logger.INFO: Get controllers: {"special":[],"general":["App\\Route\\Controllers\\UserController","App\\Route\\Controllers\\HomeController"]} [] []
[2024-06-20T08:26:37.929184+00:00] logger.INFO: Get controllers: {"special":[],"general":["App\\Route\\Controllers\\UserController","App\\Route\\Controllers\\HomeController"]} [] []
[2024-06-20T08:29:07.902836+00:00] logger.INFO: Get controllers: {"special":[],"general":["App\\Route\\Controllers\\UserController","App\\Route\\Controllers\\HomeController"]} [] []
[2024-06-20T08:30:29.524212+00:00] logger.INFO: Get controllers: {"special":[],"general":["App\\Route\\Controllers\\UserController","App\\Route\\Controllers\\HomeController"]} [] []
[2024-06-20T08:30:29.531046+00:00] logger.INFO: get / path at HomeController [] []
[2024-06-20T08:30:30.961908+00:00] logger.INFO: Get controllers: {"special":[],"general":["App\\Route\\Controllers\\UserController","App\\Route\\Controllers\\HomeController"]} [] []
[2024-06-20T08:30:38.037667+00:00] logger.INFO: Get controllers: {"special":[],"general":["App\\Route\\Controllers\\UserController","App\\Route\\Controllers\\HomeController"]} [] []
[2024-06-20T09:15:07.759701+00:00] logger.INFO: Get controllers: {"special":[],"general":["App\\Route\\Controllers\\UserController","App\\Route\\Controllers\\HomeController"]} [] []
[2024-06-20T09:15:07.763083+00:00] logger.INFO: get / path at HomeController [] []
[2024-06-20T09:15:10.253820+00:00] logger.INFO: Get controllers: {"special":[],"general":["App\\Route\\Controllers\\UserController","App\\Route\\Controllers\\HomeController"]} [] []
[2024-06-20T09:15:10.256784+00:00] logger.INFO: get users in UserController at index [] []
[2024-06-20T09:15:11.857816+00:00] logger.INFO: Get controllers: {"special":[],"general":["App\\Route\\Controllers\\UserController","App\\Route\\Controllers\\HomeController"]} [] []
[2024-06-20T09:15:11.867132+00:00] logger.INFO: get users in user  at index [] []
[2024-06-20T09:15:11.867373+00:00] logger.INFO: Get user with id 8 [] []
[2024-06-20T09:15:13.162919+00:00] logger.INFO: Get controllers: {"special":[],"general":["App\\Route\\Controllers\\UserController","App\\Route\\Controllers\\HomeController"]} [] []
[2024-06-20T09:15:13.167495+00:00] logger.INFO: get users in UserController at index [] []
[2024-06-20T09:26:33.452810+00:00] logger.INFO: Get controllers: {"special":[],"general":["App\\Route\\Controllers\\UserController","App\\Route\\Controllers\\HomeController"]} [] []
[2024-06-20T09:26:33.456470+00:00] logger.INFO: get users in UserController at index [] []
[2024-06-20T09:29:37.734803+00:00] logger.INFO: Get controllers: {"special":[],"general":["App\\Route\\Controllers\\UserController","App\\Route\\Controllers\\HomeController"]} [] []
[2024-06-20T09:29:37.739751+00:00] logger.INFO: get users in UserController at index [] []
[2024-06-20T09:29:41.635361+00:00] logger.INFO: Get controllers: {"special":[],"general":["App\\Route\\Controllers\\UserController","App\\Route\\Controllers\\HomeController"]} [] []
[2024-06-20T09:29:41.638307+00:00] logger.INFO: Error processing {"exception":"[object] (App\\Route\\Exceptions\\StatusErrorException(code: 404): Url /usersw not found... at /var/www/html/public/app/Route/RouteMapper.php:214)"} []
[2024-06-20T09:31:50.077676+00:00] logger.INFO: Get controllers: {"special":[],"general":["App\\Route\\Controllers\\UserController","App\\Route\\Controllers\\HomeController"]} [] []
[2024-06-20T09:31:50.080936+00:00] logger.INFO: Error processing {"exception":"[object] (App\\Route\\Exceptions\\StatusErrorException(code: 404): Url /usersw not found... at /var/www/html/public/app/Route/RouteMapper.php:217)"} []
[2024-06-20T09:33:47.939421+00:00] logger.INFO: Get controllers: {"special":[],"general":["App\\Route\\Controllers\\UserController","App\\Route\\Controllers\\HomeController"]} [] []
[2024-06-20T09:33:47.941130+00:00] logger.WARNING: Error processing {"exception":"[object] (App\\Route\\Exceptions\\StatusErrorException(code: 404): Url /usersw not found... at /var/www/html/public/app/Route/RouteMapper.php:217)"} []
[2024-06-20T09:36:59.665590+00:00] logger.INFO: Get controllers: {"special":[],"general":["App\\Route\\Controllers\\UserController","App\\Route\\Controllers\\HomeController"]} [] []
[2024-06-20T09:37:07.784977+00:00] logger.INFO: Get controllers: {"special":[],"general":["App\\Route\\Controllers\\UserController","App\\Route\\Controllers\\HomeController"]} [] []
[2024-06-20T09:37:35.342375+00:00] logger.INFO: Get controllers: {"special":[],"general":["App\\Route\\Controllers\\UserController","App\\Route\\Controllers\\HomeController"]} [] []
[2024-06-20T09:37:35.343824+00:00] logger.INFO: get / path at HomeController [] []
[2024-06-20T09:38:09.922003+00:00] logger.INFO: Get controllers: {"special":[],"general":["App\\Route\\Controllers\\UserController","App\\Route\\Controllers\\HomeController"]} [] []
[2024-06-20T09:38:09.926624+00:00] logger.INFO: get / path at HomeController [] []
[2024-06-20T09:38:11.019815+00:00] logger.INFO: Get controllers: {"special":[],"general":["App\\Route\\Controllers\\UserController","App\\Route\\Controllers\\HomeController"]} [] []
[2024-06-20T09:38:11.023989+00:00] logger.INFO: get users in UserController at index [] []
[2024-06-20T09:40:00.405371+00:00] logger.INFO: Get controllers: {"special":[],"general":["App\\Route\\Controllers\\UserController","App\\Route\\Controllers\\HomeController"]} [] []
[2024-06-20T09:40:00.411996+00:00] logger.INFO: get users in UserController at index [] []
[2024-06-20T09:40:05.875087+00:00] logger.INFO: Get controllers: {"special":[],"general":["App\\Route\\Controllers\\UserController","App\\Route\\Controllers\\HomeController"]} [] []
[2024-06-20T09:42:09.607636+00:00] logger.INFO: Get controllers: {"special":[],"general":["App\\Route\\Controllers\\UserController","App\\Route\\Controllers\\HomeController"]} [] []
[2024-06-20T09:47:09.288440+00:00] logger.INFO: Get controllers: {"special":[],"general":["App\\Route\\Controllers\\UserController","App\\Route\\Controllers\\HomeController"]} [] []
[2024-06-20T09:47:09.301501+00:00] logger.INFO: get users in UserController at index [] []
[2024-06-20T09:48:14.900403+00:00] logger.INFO: Get controllers: {"special":[],"general":["App\\Route\\Controllers\\UserController","App\\Route\\Controllers\\HomeController"]} [] []
[2024-06-20T09:48:14.905019+00:00] logger.INFO: get users in UserController at index [] []
[2024-06-20T09:48:23.957075+00:00] logger.INFO: Get controllers: {"special":[],"general":["App\\Route\\Controllers\\UserController","App\\Route\\Controllers\\HomeController"]} [] []
[2024-06-20T10:29:09.299976+00:00] logger.INFO: Get controllers: {"special":[],"general":["App\\Route\\Controllers\\UserController","App\\Route\\Controllers\\HomeController"]} [] []
[2024-06-20T10:29:09.310529+00:00] logger.INFO: get / path at HomeController [] []
[2024-06-20T10:30:00.274032+00:00] logger.INFO: Get controllers: {"special":[],"general":["App\\Route\\Controllers\\UserController","App\\Route\\Controllers\\HomeController"]} [] []
[2024-06-20T10:30:00.276912+00:00] logger.INFO: get / path at HomeController [] []
[2024-06-20T10:30:05.249591+00:00] logger.INFO: Get controllers: {"special":[],"general":["App\\Route\\Controllers\\UserController","App\\Route\\Controllers\\HomeController"]} [] []
[2024-06-20T10:30:05.252091+00:00] logger.INFO: get / path at HomeController [] []
[2024-06-20T10:42:55.510401+00:00] logger.INFO: Get controllers: {"special":[],"general":["App\\Route\\Controllers\\UserController","App\\Route\\Controllers\\HomeController"]} [] []
[2024-06-20T10:42:55.514213+00:00] logger.INFO: get / path at HomeController [] []
[2024-06-20T10:51:35.173522+00:00] logger.INFO: Get controllers: {"special":[],"general":["App\\Route\\Controllers\\UserController","App\\Route\\Controllers\\HomeController"]} [] []
[2024-06-20T10:51:35.185642+00:00] logger.INFO: get users in UserController at index [] []
[2024-06-20T10:51:56.490682+00:00] logger.INFO: Get controllers: {"special":[],"general":["App\\Route\\Controllers\\UserController","App\\Route\\Controllers\\HomeController"]} [] []
[2024-06-20T10:52:08.639553+00:00] logger.INFO: Get controllers: {"special":[],"general":["App\\Route\\Controllers\\UserController","App\\Route\\Controllers\\HomeController"]} [] []
[2024-06-20T10:52:08.644274+00:00] logger.INFO: get users in UserController at index [] []
[2024-06-20T10:53:35.776904+00:00] logger.INFO: Get controllers: {"special":[],"general":["App\\Route\\Controllers\\UserController","App\\Route\\Controllers\\HomeController"]} [] []
[2024-06-20T10:53:35.784835+00:00] logger.INFO: get users in UserController at index [] []
[2024-06-20T10:53:55.689804+00:00] logger.INFO: Get controllers: {"special":[],"general":["App\\Route\\Controllers\\UserController","App\\Route\\Controllers\\HomeController"]} [] []
[2024-06-20T10:53:55.806516+00:00] logger.INFO: Get controllers: {"special":[],"general":["App\\Route\\Controllers\\UserController","App\\Route\\Controllers\\HomeController"]} [] []
[2024-06-20T10:53:55.810309+00:00] logger.INFO: get users in UserController at index [] []
[2024-06-20T10:54:33.464589+00:00] logger.INFO: Get controllers: {"special":[],"general":["App\\Route\\Controllers\\UserController","App\\Route\\Controllers\\HomeController"]} [] []
[2024-06-20T10:54:33.470167+00:00] logger.INFO: get users in UserController at index [] []
[2024-06-20T10:54:41.467522+00:00] logger.INFO: Get controllers: {"special":[],"general":["App\\Route\\Controllers\\UserController","App\\Route\\Controllers\\HomeController"]} [] []
[2024-06-20T10:54:41.590987+00:00] logger.INFO: Get controllers: {"special":[],"general":["App\\Route\\Controllers\\UserController","App\\Route\\Controllers\\HomeController"]} [] []
[2024-06-20T10:54:41.598578+00:00] logger.INFO: get users in UserController at index [] []
[2024-06-20T10:59:32.627959+00:00] logger.INFO: Get controllers: {"special":[],"general":["App\\Route\\Controllers\\UserController","App\\Route\\Controllers\\HomeController"]} [] []
[2024-06-20T10:59:32.634064+00:00] logger.INFO: get users in UserController at index [] []
[2024-06-20T11:00:36.300172+00:00] logger.INFO: Get controllers: {"special":[],"general":["App\\Route\\Controllers\\UserController","App\\Route\\Controllers\\HomeController"]} [] []
[2024-06-20T11:00:36.305463+00:00] logger.INFO: get users in UserController at index [] []
[2024-06-20T11:00:40.419451+00:00] logger.INFO: Get controllers: {"special":[],"general":["App\\Route\\Controllers\\UserController","App\\Route\\Controllers\\HomeController"]} [] []
[2024-06-20T11:00:40.696046+00:00] logger.INFO: Get controllers: {"special":[],"general":["App\\Route\\Controllers\\UserController","App\\Route\\Controllers\\HomeController"]} [] []
[2024-06-20T11:00:40.702032+00:00] logger.INFO: get users in UserController at index [] []
[2024-06-20T11:01:18.702689+00:00] logger.INFO: Get controllers: {"special":[],"general":["App\\Route\\Controllers\\UserController","App\\Route\\Controllers\\HomeController"]} [] []
[2024-06-20T11:01:18.707428+00:00] logger.INFO: get users in UserController at index [] []
[2024-06-20T11:01:20.695791+00:00] logger.INFO: Get controllers: {"special":[],"general":["App\\Route\\Controllers\\UserController","App\\Route\\Controllers\\HomeController"]} [] []
[2024-06-20T11:01:20.835214+00:00] logger.INFO: Get controllers: {"special":[],"general":["App\\Route\\Controllers\\UserController","App\\Route\\Controllers\\HomeController"]} [] []
[2024-06-20T11:01:20.841014+00:00] logger.INFO: get users in UserController at index [] []
[2024-06-20T11:01:29.841835+00:00] logger.INFO: Get controllers: {"special":[],"general":["App\\Route\\Controllers\\UserController","App\\Route\\Controllers\\HomeController"]} [] []
[2024-06-20T11:01:29.846213+00:00] logger.INFO: get users in UserController at index [] []
[2024-06-20T11:02:38.076087+00:00] logger.INFO: Get controllers: {"special":[],"general":["App\\Route\\Controllers\\UserController","App\\Route\\Controllers\\HomeController"]} [] []
[2024-06-20T11:02:38.079131+00:00] logger.INFO: get / path at HomeController [] []
[2024-06-20T11:02:44.300688+00:00] logger.INFO: Get controllers: {"special":[],"general":["App\\Route\\Controllers\\UserController","App\\Route\\Controllers\\HomeController"]} [] []
[2024-06-20T11:02:44.306979+00:00] logger.INFO: get users in UserController at index [] []
[2024-06-20T11:04:01.700267+00:00] logger.INFO: Get controllers: {"special":[],"general":["App\\Route\\Controllers\\UserController","App\\Route\\Controllers\\HomeController"]} [] []
[2024-06-20T11:04:09.084562+00:00] logger.INFO: Get controllers: {"special":[],"general":["App\\Route\\Controllers\\UserController","App\\Route\\Controllers\\HomeController"]} [] []
[2024-06-20T11:04:09.087720+00:00] logger.INFO: get users in UserController at index [] []
[2024-06-20T11:05:31.092845+00:00] logger.INFO: Get controllers: {"special":[],"general":["App\\Route\\Controllers\\UserController","App\\Route\\Controllers\\HomeController"]} [] []
[2024-06-20T11:05:31.097275+00:00] logger.INFO: get users in UserController at index [] []
[2024-06-20T11:06:01.208054+00:00] logger.INFO: Get controllers: {"special":[],"general":["App\\Route\\Controllers\\UserController","App\\Route\\Controllers\\HomeController"]} [] []
[2024-06-20T11:06:01.213019+00:00] logger.INFO: get users in UserController at index [] []
[2024-06-20T11:06:16.965411+00:00] logger.INFO: Get controllers: {"special":[],"general":["App\\Route\\Controllers\\UserController","App\\Route\\Controllers\\HomeController"]} [] []
[2024-06-20T11:06:16.969961+00:00] logger.INFO: get users in UserController at index [] []
[2024-06-20T11:06:20.556228+00:00] logger.INFO: Get controllers: {"special":[],"general":["App\\Route\\Controllers\\UserController","App\\Route\\Controllers\\HomeController"]} [] []
[2024-06-20T11:06:20.725182+00:00] logger.INFO: Get controllers: {"special":[],"general":["App\\Route\\Controllers\\UserController","App\\Route\\Controllers\\HomeController"]} [] []
[2024-06-20T11:06:20.728886+00:00] logger.INFO: get users in UserController at index [] []
[2024-06-20T11:08:28.307831+00:00] logger.INFO: Get controllers: {"special":[],"general":["App\\Route\\Controllers\\UserController","App\\Route\\Controllers\\HomeController"]} [] []
[2024-06-20T11:08:28.312147+00:00] logger.INFO: get users in UserController at index [] []
[2024-06-20T11:08:30.893616+00:00] logger.INFO: Get controllers: {"special":[],"general":["App\\Route\\Controllers\\UserController","App\\Route\\Controllers\\HomeController"]} [] []
[2024-06-20T11:08:31.094457+00:00] logger.INFO: Get controllers: {"special":[],"general":["App\\Route\\Controllers\\UserController","App\\Route\\Controllers\\HomeController"]} [] []
[2024-06-20T11:08:31.099196+00:00] logger.INFO: get users in UserController at index [] []
[2024-06-20T11:09:00.923384+00:00] logger.INFO: Get controllers: {"special":[],"general":["App\\Route\\Controllers\\UserController","App\\Route\\Controllers\\HomeController"]} [] []
[2024-06-20T11:09:00.927549+00:00] logger.INFO: get users in UserController at index [] []
[2024-06-20T11:09:02.517835+00:00] logger.INFO: Get controllers: {"special":[],"general":["App\\Route\\Controllers\\UserController","App\\Route\\Controllers\\HomeController"]} [] []
[2024-06-20T11:09:02.522070+00:00] logger.INFO: get users in UserController at index [] []
[2024-06-20T11:09:28.977158+00:00] logger.INFO: Get controllers: {"special":[],"general":["App\\Route\\Controllers\\UserController","App\\Route\\Controllers\\HomeController"]} [] []
[2024-06-20T11:09:28.980533+00:00] logger.INFO: get users in UserController at index [] []
[2024-06-20T11:09:29.091254+00:00] logger.INFO: Get controllers: {"special":[],"general":["App\\Route\\Controllers\\UserController","App\\Route\\Controllers\\HomeController"]} [] []
[2024-06-20T11:10:10.401609+00:00] logger.INFO: Get controllers: {"special":[],"general":["App\\Route\\Controllers\\UserController","App\\Route\\Controllers\\HomeController"]} [] []
[2024-06-20T11:10:10.565312+00:00] logger.INFO: Get controllers: {"special":[],"general":["App\\Route\\Controllers\\UserController","App\\Route\\Controllers\\HomeController"]} [] []
[2024-06-20T11:10:10.573721+00:00] logger.INFO: get users in UserController at index [] []
[2024-06-20T11:11:16.194800+00:00] logger.INFO: Get controllers: {"special":[],"general":["App\\Route\\Controllers\\UserController","App\\Route\\Controllers\\HomeController"]} [] []
[2024-06-20T11:11:16.199446+00:00] logger.INFO: get users in UserController at index [] []
[2024-06-20T11:11:38.513198+00:00] logger.INFO: Get controllers: {"special":[],"general":["App\\Route\\Controllers\\UserController","App\\Route\\Controllers\\HomeController"]} [] []
[2024-06-20T11:11:38.516064+00:00] logger.INFO: get users in UserController at index [] []
[2024-06-20T11:11:38.732942+00:00] logger.INFO: Get controllers: {"special":[],"general":["App\\Route\\Controllers\\UserController","App\\Route\\Controllers\\HomeController"]} [] []
[2024-06-20T11:12:07.427752+00:00] logger.INFO: Get controllers: {"special":[],"general":["App\\Route\\Controllers\\UserController","App\\Route\\Controllers\\HomeController"]} [] []
[2024-06-20T11:12:07.431945+00:00] logger.INFO: get users in UserController at index [] []
[2024-06-20T11:12:10.434258+00:00] logger.INFO: Get controllers: {"special":[],"general":["App\\Route\\Controllers\\UserController","App\\Route\\Controllers\\HomeController"]} [] []
[2024-06-20T11:12:10.438617+00:00] logger.INFO: get users in UserController at index [] []
[2024-06-20T11:12:11.355043+00:00] logger.INFO: Get controllers: {"special":[],"general":["App\\Route\\Controllers\\UserController","App\\Route\\Controllers\\HomeController"]} [] []
[2024-06-20T11:12:11.362323+00:00] logger.INFO: get users in UserController at index [] []
[2024-06-20T11:12:12.657295+00:00] logger.INFO: Get controllers: {"special":[],"general":["App\\Route\\Controllers\\UserController","App\\Route\\Controllers\\HomeController"]} [] []
[2024-06-20T11:12:12.662263+00:00] logger.INFO: get users in UserController at index [] []
[2024-06-20T11:12:51.190499+00:00] logger.INFO: Get controllers: {"special":[],"general":["App\\Route\\Controllers\\UserController","App\\Route\\Controllers\\HomeController"]} [] []
[2024-06-20T11:12:51.195441+00:00] logger.INFO: get users in UserController at index [] []
[2024-06-20T11:13:03.028555+00:00] logger.INFO: Get controllers: {"special":[],"general":["App\\Route\\Controllers\\UserController","App\\Route\\Controllers\\HomeController"]} [] []
[2024-06-20T11:13:03.166299+00:00] logger.INFO: Get controllers: {"special":[],"general":["App\\Route\\Controllers\\UserController","App\\Route\\Controllers\\HomeController"]} [] []
[2024-06-20T11:13:03.171741+00:00] logger.INFO: get users in UserController at index [] []
[2024-06-20T11:15:14.546041+00:00] logger.INFO: Get controllers: {"special":[],"general":["App\\Route\\Controllers\\UserController","App\\Route\\Controllers\\HomeController"]} [] []
[2024-06-20T11:15:14.552264+00:00] logger.INFO: get users in UserController at index [] []
[2024-06-20T11:15:18.457256+00:00] logger.INFO: Get controllers: {"special":[],"general":["App\\Route\\Controllers\\UserController","App\\Route\\Controllers\\HomeController"]} [] []
[2024-06-20T11:15:18.719467+00:00] logger.INFO: Get controllers: {"special":[],"general":["App\\Route\\Controllers\\UserController","App\\Route\\Controllers\\HomeController"]} [] []
[2024-06-20T11:15:18.729241+00:00] logger.INFO: get users in UserController at index [] []
[2024-06-20T11:16:06.833834+00:00] logger.INFO: Get controllers: {"special":[],"general":["App\\Route\\Controllers\\UserController","App\\Route\\Controllers\\HomeController"]} [] []
[2024-06-20T11:16:06.839182+00:00] logger.INFO: get users in UserController at index [] []
[2024-06-20T11:16:09.021533+00:00] logger.INFO: Get controllers: {"special":[],"general":["App\\Route\\Controllers\\UserController","App\\Route\\Controllers\\HomeController"]} [] []
[2024-06-20T11:16:09.172372+00:00] logger.INFO: Get controllers: {"special":[],"general":["App\\Route\\Controllers\\UserController","App\\Route\\Controllers\\HomeController"]} [] []
[2024-06-20T11:16:09.179324+00:00] logger.INFO: get users in UserController at index [] []
[2024-06-20T11:16:41.576891+00:00] logger.INFO: Get controllers: {"special":[],"general":["App\\Route\\Controllers\\UserController","App\\Route\\Controllers\\HomeController"]} [] []
[2024-06-20T11:16:41.735767+00:00] logger.INFO: Get controllers: {"special":[],"general":["App\\Route\\Controllers\\UserController","App\\Route\\Controllers\\HomeController"]} [] []
[2024-06-20T11:16:41.743349+00:00] logger.INFO: get users in UserController at index [] []
[2024-06-20T11:16:42.090651+00:00] logger.INFO: Get controllers: {"special":[],"general":["App\\Route\\Controllers\\UserController","App\\Route\\Controllers\\HomeController"]} [] []
[2024-06-20T11:16:42.095452+00:00] logger.INFO: get users in UserController at index [] []
[2024-06-20T11:19:28.816094+00:00] logger.INFO: Get controllers: {"special":[],"general":["App\\Route\\Controllers\\UserController","App\\Route\\Controllers\\HomeController"]} [] []
[2024-06-20T11:19:28.820750+00:00] logger.INFO: get users in UserController at index [] []
[2024-06-20T11:19:38.206797+00:00] logger.INFO: Get controllers: {"special":[],"general":["App\\Route\\Controllers\\UserController","App\\Route\\Controllers\\HomeController"]} [] []
[2024-06-20T11:19:38.411285+00:00] logger.INFO: Get controllers: {"special":[],"general":["App\\Route\\Controllers\\UserController","App\\Route\\Controllers\\HomeController"]} [] []
[2024-06-20T11:19:38.415630+00:00] logger.INFO: get users in UserController at index [] []
[2024-06-20T11:19:38.682754+00:00] logger.INFO: Get controllers: {"special":[],"general":["App\\Route\\Controllers\\UserController","App\\Route\\Controllers\\HomeController"]} [] []
[2024-06-20T11:19:38.689850+00:00] logger.INFO: get users in UserController at index [] []
[2024-06-20T11:20:14.083720+00:00] logger.INFO: Get controllers: {"special":[],"general":["App\\Route\\Controllers\\UserController","App\\Route\\Controllers\\HomeController"]} [] []
[2024-06-20T11:20:14.089770+00:00] logger.INFO: get users in UserController at index [] []
[2024-06-20T11:20:26.380890+00:00] logger.INFO: Get controllers: {"special":[],"general":["App\\Route\\Controllers\\UserController","App\\Route\\Controllers\\HomeController"]} [] []
[2024-06-20T11:20:26.588823+00:00] logger.INFO: Get controllers: {"special":[],"general":["App\\Route\\Controllers\\UserController","App\\Route\\Controllers\\HomeController"]} [] []
[2024-06-20T11:20:26.592739+00:00] logger.INFO: get users in UserController at index [] []
[2024-06-20T11:20:38.320729+00:00] logger.INFO: Get controllers: {"special":[],"general":["App\\Route\\Controllers\\UserController","App\\Route\\Controllers\\HomeController"]} [] []
[2024-06-20T11:22:33.696750+00:00] logger.INFO: Get controllers: {"special":[],"general":["App\\Route\\Controllers\\UserController","App\\Route\\Controllers\\HomeController"]} [] []
[2024-06-20T11:22:33.700790+00:00] logger.INFO: get / path at HomeController [] []
[2024-06-20T11:22:35.490624+00:00] logger.INFO: Get controllers: {"special":[],"general":["App\\Route\\Controllers\\UserController","App\\Route\\Controllers\\HomeController"]} [] []
[2024-06-20T11:22:35.494925+00:00] logger.INFO: get users in UserController at index [] []
[2024-06-20T11:22:48.006001+00:00] logger.INFO: Get controllers: {"special":[],"general":["App\\Route\\Controllers\\UserController","App\\Route\\Controllers\\HomeController"]} [] []
[2024-06-20T11:25:41.406545+00:00] logger.INFO: Get controllers: {"special":[],"general":["App\\Route\\Controllers\\UserController","App\\Route\\Controllers\\HomeController"]} [] []
[2024-06-20T11:25:41.409671+00:00] logger.INFO: get / path at HomeController [] []
[2024-06-20T11:25:50.012206+00:00] logger.INFO: Get controllers: {"special":[],"general":["App\\Route\\Controllers\\UserController","App\\Route\\Controllers\\HomeController"]} [] []
[2024-06-20T11:25:50.017931+00:00] logger.INFO: get users in UserController at index [] []
[2024-06-20T11:26:01.284613+00:00] logger.INFO: Get controllers: {"special":[],"general":["App\\Route\\Controllers\\UserController","App\\Route\\Controllers\\HomeController"]} [] []
[2024-06-20T11:29:45.866111+00:00] logger.INFO: Get controllers: {"special":[],"general":["App\\Route\\Controllers\\UserController","App\\Route\\Controllers\\HomeController"]} [] []
[2024-06-20T11:29:45.872922+00:00] logger.INFO: get users in UserController at index [] []
[2024-06-20T11:29:57.282681+00:00] logger.INFO: Get controllers: {"special":[],"general":["App\\Route\\Controllers\\UserController","App\\Route\\Controllers\\HomeController"]} [] []
[2024-06-20T11:29:57.289406+00:00] logger.INFO: get users in UserController at index [] []
[2024-06-20T11:30:07.415341+00:00] logger.INFO: Get controllers: {"special":[],"general":["App\\Route\\Controllers\\UserController","App\\Route\\Controllers\\HomeController"]} [] []
[2024-06-20T11:31:37.111953+00:00] logger.INFO: Get controllers: {"special":[],"general":["App\\Route\\Controllers\\UserController","App\\Route\\Controllers\\HomeController"]} [] []
[2024-06-20T11:31:37.117277+00:00] logger.INFO: get users in UserController at index [] []
[2024-06-20T11:33:20.906641+00:00] logger.INFO: Get controllers: {"special":[],"general":["App\\Route\\Controllers\\UserController","App\\Route\\Controllers\\HomeController"]} [] []
[2024-06-20T11:33:20.914749+00:00] logger.INFO: get users in UserController at index [] []
[2024-06-20T11:33:22.703840+00:00] logger.INFO: Get controllers: {"special":[],"general":["App\\Route\\Controllers\\UserController","App\\Route\\Controllers\\HomeController"]} [] []
