[2024-06-20T09:33:47.941130+00:00] logger.WARNING: Error processing {"exception":"[object] (App\\Route\\Exceptions\\StatusErrorException(code: 404): Url /usersw not found... at /var/www/html/public/app/Route/RouteMapper.php:217)"} []
[2024-06-20T09:36:59.668066+00:00] logger.WARNING: Error processing {"exception":"[object] (App\\Route\\Exceptions\\StatusErrorException(code: 404): Url /usersw not found... at /var/www/html/public/app/Route/RouteMapper.php:217)"} []
[2024-06-20T09:37:07.787413+00:00] logger.WARNING: Error processing {"exception":"[object] (App\\Route\\Exceptions\\StatusErrorException(code: 404): Url /not%20here not found... at /var/www/html/public/app/Route/RouteMapper.php:217)"} []
[2024-06-20T09:40:05.884415+00:00] logger.WARNING: Cannot save user. Reasons: {"name":["Length of given re is less than 3 minimal"],"email":["Length of given we is less than 3 minimal","Email we in incorrect"]} []
[2024-06-20T09:42:09.612246+00:00] logger.WARNING: Cannot save user. Reasons: {"name":["Length of given \"re\" is less than 3 minimal"],"email":["Length of given \"we\" is less than 3 minimal","Email we in incorrect"]} []
[2024-06-20T09:48:23.960434+00:00] logger.WARNING: Cannot save user. Reasons: {"name":["Length of given \"\" is less than 3"],"email":["Length of given \"\" is less than 3","Email  in incorrect"]} []
[2024-06-20T10:53:55.694585+00:00] logger.WARNING: Cannot save user. Reasons: {"email":["Email retdarkw in incorrect"]} []
[2024-06-20T10:54:41.471232+00:00] logger.WARNING: Cannot save user. Reasons: {"email":["Email retdarkw in incorrect"]} []
[2024-06-20T11:00:40.427162+00:00] logger.WARNING: Cannot save user. Reasons: {"name":["Length of given \"\" is less than 3"],"email":["Length of given \"\" is less than 3","Email  in incorrect"]} []
[2024-06-20T11:01:20.699390+00:00] logger.WARNING: Cannot save user. Reasons: {"name":["Length of given \"\" is less than 3"],"email":["Length of given \"\" is less than 3","Email  in incorrect"]} []
[2024-06-20T11:04:01.705352+00:00] logger.WARNING: Cannot save user. Reasons: {"name":["Length of given \"\" is less than 3"],"email":["Length of given \"\" is less than 3","Email  in incorrect"]} []
[2024-06-20T11:06:20.559661+00:00] logger.WARNING: Cannot save user. Reasons: {"name":["Length of given \"\" is less than 3"],"email":["Length of given \"\" is less than 3","Email  in incorrect"]} []
[2024-06-20T11:08:30.896925+00:00] logger.WARNING: Cannot save user. Reasons: {"name":["Length of given \"\" is less than 3"],"email":["Length of given \"\" is less than 3","Email  in incorrect"]} []
[2024-06-20T11:15:18.461918+00:00] logger.WARNING: Cannot save user. Reasons: {"name":["Length of given \"\" is less than 3"],"email":["Length of given \"\" is less than 3","Email  in incorrect"]} []
[2024-06-20T11:16:09.024944+00:00] logger.WARNING: Cannot save user. Reasons: {"name":["Length of given \"\" is less than 3"],"email":["Length of given \"\" is less than 3","Email  in incorrect"]} []
[2024-06-20T11:20:38.325011+00:00] logger.WARNING: Cannot save user. Reasons: {"name":["Length of given \"\" is less than 3"],"email":["Length of given \"\" is less than 3","Email  in incorrect"]} []
[2024-06-20T11:22:48.009792+00:00] logger.WARNING: Cannot save user. Reasons: {"name":["Length of given \"\" is less than 3"],"email":["Length of given \"\" is less than 3","Email  in incorrect"]} []
[2024-06-20T11:26:01.288455+00:00] logger.WARNING: Cannot save user. Reasons: {"name":["Length of given \"\" is less than 3"],"email":["Length of given \"\" is less than 3","Email  in incorrect"]} []
[2024-06-20T11:30:07.418806+00:00] logger.WARNING: Cannot save user. Reasons: {"name":["Length of given \"\" is less than 3"],"email":["Length of given \"\" is less than 3","Email  in incorrect"]} []
[2024-06-20T11:33:22.708997+00:00] logger.WARNING: Cannot save user. Reasons: {"name":["Length of given \"\" is less than 3"],"email":["Length of given \"\" is less than 3","Email  in incorrect"]} []
